19:41:15 DEBUG : Logs will be stored at '/home/erik/Development/repo/Zynq-7000_EDT/sw/zynq_platform_ws/IDE.log'.
19:41:17 INFO  : Launching XSCT server: xsct -n  -interactive /home/erik/Development/repo/Zynq-7000_EDT/sw/zynq_platform_ws/temp_xsdb_launch_script.tcl
19:41:17 INFO  : Platform repository initialization has completed.
19:41:18 INFO  : Registering command handlers for Vitis TCF services
19:41:20 INFO  : XSCT server has started successfully.
19:41:22 INFO  : plnx-install-location is set to ''
19:41:22 INFO  : Successfully done setting XSCT server connection channel  
19:41:22 INFO  : Successfully done query RDI_DATADIR 
19:41:22 INFO  : Successfully done setting workspace for the tool. 
19:43:03 INFO  : Result from executing command 'getProjects': zynq_edt
19:43:03 INFO  : Result from executing command 'getPlatforms': xilinx_zcu102_base_202220_1|/opt/Xilinx/Vitis/2022.2/base_platforms/xilinx_zcu102_base_202220_1/xilinx_zcu102_base_202220_1.xpfm;xilinx_zcu102_base_dfx_202220_1|/opt/Xilinx/Vitis/2022.2/base_platforms/xilinx_zcu102_base_dfx_202220_1/xilinx_zcu102_base_dfx_202220_1.xpfm;xilinx_zcu104_base_202220_1|/opt/Xilinx/Vitis/2022.2/base_platforms/xilinx_zcu104_base_202220_1/xilinx_zcu104_base_202220_1.xpfm
19:44:36 INFO  : Result from executing command 'getProjects': zynq_edt
19:44:36 INFO  : Result from executing command 'getPlatforms': xilinx_zcu102_base_202220_1|/opt/Xilinx/Vitis/2022.2/base_platforms/xilinx_zcu102_base_202220_1/xilinx_zcu102_base_202220_1.xpfm;xilinx_zcu102_base_dfx_202220_1|/opt/Xilinx/Vitis/2022.2/base_platforms/xilinx_zcu102_base_dfx_202220_1/xilinx_zcu102_base_dfx_202220_1.xpfm;xilinx_zcu104_base_202220_1|/opt/Xilinx/Vitis/2022.2/base_platforms/xilinx_zcu104_base_202220_1/xilinx_zcu104_base_202220_1.xpfm;zynq_edt|/home/erik/Development/repo/Zynq-7000_EDT/sw/zynq_platform_ws/zynq_edt/export/zynq_edt/zynq_edt.xpfm
21:40:10 DEBUG : Logs will be stored at '/home/erik/Development/repo/Zynq-7000_EDT/sw/zynq_platform_ws/IDE.log'.
21:40:11 INFO  : Launching XSCT server: xsct -n  -interactive /home/erik/Development/repo/Zynq-7000_EDT/sw/zynq_platform_ws/temp_xsdb_launch_script.tcl
21:40:14 INFO  : Platform repository initialization has completed.
21:40:14 INFO  : Registering command handlers for Vitis TCF services
21:40:15 INFO  : XSCT server has started successfully.
21:40:17 INFO  : Successfully done setting XSCT server connection channel  
21:40:17 INFO  : plnx-install-location is set to ''
21:40:17 INFO  : Successfully done setting workspace for the tool. 
21:40:17 INFO  : Successfully done query RDI_DATADIR 
21:42:34 INFO  : Checking for BSP changes to sync application flags for project 'hello_world'...
21:44:24 INFO  : Connected to target on host '127.0.0.1' and port '3121'.
21:44:26 INFO  : Jtag cable 'Digilent Zybo Z7 210351AD6564A' is selected.
21:44:26 INFO  : 'jtag frequency' command is executed.
21:44:27 INFO  : Context for 'APU' is selected.
21:44:27 INFO  : System reset is completed.
21:44:30 INFO  : 'after 3000' command is executed.
21:44:30 INFO  : Context for 'APU' is selected.
21:44:31 INFO  : Hardware design and registers information is loaded from '/home/erik/Development/repo/Zynq-7000_EDT/sw/zynq_platform_ws/zynq_edt/export/zynq_edt/hw/system_wrapper.xsa'.
21:44:31 INFO  : 'configparams force-mem-access 1' command is executed.
21:44:31 INFO  : Context for 'APU' is selected.
21:44:31 INFO  : Sourcing of '/home/erik/Development/repo/Zynq-7000_EDT/sw/zynq_platform_ws/hello_world/_ide/psinit/ps7_init.tcl' is done.
21:44:59 INFO  : 'ps7_init' command is executed.
21:45:00 INFO  : 'ps7_post_config' command is executed.
21:45:00 INFO  : Context for processor 'ps7_cortexa9_0' is selected.
21:45:03 INFO  : The application '/home/erik/Development/repo/Zynq-7000_EDT/sw/zynq_platform_ws/hello_world/Debug/hello_world.elf' is downloaded to processor 'ps7_cortexa9_0'.
21:45:05 INFO  : 'configparams force-mem-access 0' command is executed.
21:45:05 INFO  : ----------------XSDB Script----------------
connect -url tcp:127.0.0.1:3121
targets -set -nocase -filter {name =~"APU*"}
rst -system
after 3000
targets -set -nocase -filter {name =~"APU*"}
loadhw -hw /home/erik/Development/repo/Zynq-7000_EDT/sw/zynq_platform_ws/zynq_edt/export/zynq_edt/hw/system_wrapper.xsa -mem-ranges [list {0x40000000 0xbfffffff}] -regs
configparams force-mem-access 1
targets -set -nocase -filter {name =~"APU*"}
source /home/erik/Development/repo/Zynq-7000_EDT/sw/zynq_platform_ws/hello_world/_ide/psinit/ps7_init.tcl
ps7_init
ps7_post_config
targets -set -nocase -filter {name =~ "*A9*#0"}
dow /home/erik/Development/repo/Zynq-7000_EDT/sw/zynq_platform_ws/hello_world/Debug/hello_world.elf
configparams force-mem-access 0
----------------End of Script----------------

21:45:06 INFO  : Context for processor 'ps7_cortexa9_0' is selected.
21:45:06 INFO  : 'con' command is executed.
21:45:06 INFO  : ----------------XSDB Script (After Launch)----------------
targets -set -nocase -filter {name =~ "*A9*#0"}
con
----------------End of Script----------------

21:45:06 INFO  : Launch script is exported to file '/home/erik/Development/repo/Zynq-7000_EDT/sw/zynq_platform_ws/hello_world_system/_ide/scripts/debugger_hello_world-default.tcl'
21:46:48 INFO  : Disconnected from the channel tcfchan#1.
21:46:49 INFO  : Connected to target on host '127.0.0.1' and port '3121'.
21:46:49 INFO  : Jtag cable 'Digilent Zybo Z7 210351AD6564A' is selected.
21:46:50 INFO  : 'jtag frequency' command is executed.
21:46:50 INFO  : Context for 'APU' is selected.
21:46:50 INFO  : System reset is completed.
21:46:53 INFO  : 'after 3000' command is executed.
21:46:53 INFO  : Context for 'APU' is selected.
21:46:55 INFO  : Hardware design and registers information is loaded from '/home/erik/Development/repo/Zynq-7000_EDT/sw/zynq_platform_ws/zynq_edt/export/zynq_edt/hw/system_wrapper.xsa'.
21:46:55 INFO  : 'configparams force-mem-access 1' command is executed.
21:46:55 INFO  : Context for 'APU' is selected.
21:46:55 INFO  : Sourcing of '/home/erik/Development/repo/Zynq-7000_EDT/sw/zynq_platform_ws/hello_world/_ide/psinit/ps7_init.tcl' is done.
21:47:23 INFO  : 'ps7_init' command is executed.
21:47:24 INFO  : 'ps7_post_config' command is executed.
21:47:24 INFO  : Context for processor 'ps7_cortexa9_0' is selected.
21:47:27 INFO  : The application '/home/erik/Development/repo/Zynq-7000_EDT/sw/zynq_platform_ws/hello_world/Debug/hello_world.elf' is downloaded to processor 'ps7_cortexa9_0'.
21:47:29 INFO  : 'configparams force-mem-access 0' command is executed.
21:47:29 INFO  : ----------------XSDB Script----------------
connect -url tcp:127.0.0.1:3121
targets -set -nocase -filter {name =~"APU*"}
rst -system
after 3000
targets -set -nocase -filter {name =~"APU*"}
loadhw -hw /home/erik/Development/repo/Zynq-7000_EDT/sw/zynq_platform_ws/zynq_edt/export/zynq_edt/hw/system_wrapper.xsa -mem-ranges [list {0x40000000 0xbfffffff}] -regs
configparams force-mem-access 1
targets -set -nocase -filter {name =~"APU*"}
source /home/erik/Development/repo/Zynq-7000_EDT/sw/zynq_platform_ws/hello_world/_ide/psinit/ps7_init.tcl
ps7_init
ps7_post_config
targets -set -nocase -filter {name =~ "*A9*#0"}
dow /home/erik/Development/repo/Zynq-7000_EDT/sw/zynq_platform_ws/hello_world/Debug/hello_world.elf
configparams force-mem-access 0
----------------End of Script----------------

21:47:29 INFO  : Context for processor 'ps7_cortexa9_0' is selected.
21:47:29 INFO  : 'con' command is executed.
21:47:29 INFO  : ----------------XSDB Script (After Launch)----------------
targets -set -nocase -filter {name =~ "*A9*#0"}
con
----------------End of Script----------------

21:47:29 INFO  : Launch script is exported to file '/home/erik/Development/repo/Zynq-7000_EDT/sw/zynq_platform_ws/hello_world_system/_ide/scripts/debugger_hello_world-default_1.tcl'
21:48:18 INFO  : Disconnected from the channel tcfchan#2.
21:48:20 INFO  : Connected to target on host '127.0.0.1' and port '3121'.
21:48:20 INFO  : Jtag cable 'Digilent Zybo Z7 210351AD6564A' is selected.
21:48:20 INFO  : 'jtag frequency' command is executed.
21:48:20 INFO  : Context for 'APU' is selected.
21:48:20 INFO  : System reset is completed.
21:48:23 INFO  : 'after 3000' command is executed.
21:48:24 INFO  : Context for 'APU' is selected.
21:48:26 INFO  : Hardware design and registers information is loaded from '/home/erik/Development/repo/Zynq-7000_EDT/sw/zynq_platform_ws/zynq_edt/export/zynq_edt/hw/system_wrapper.xsa'.
21:48:26 INFO  : 'configparams force-mem-access 1' command is executed.
21:48:26 INFO  : Context for 'APU' is selected.
21:48:26 INFO  : Sourcing of '/home/erik/Development/repo/Zynq-7000_EDT/sw/zynq_platform_ws/hello_world/_ide/psinit/ps7_init.tcl' is done.
21:48:54 INFO  : 'ps7_init' command is executed.
21:48:55 INFO  : 'ps7_post_config' command is executed.
21:48:55 INFO  : Context for processor 'ps7_cortexa9_0' is selected.
21:48:58 INFO  : The application '/home/erik/Development/repo/Zynq-7000_EDT/sw/zynq_platform_ws/hello_world/Debug/hello_world.elf' is downloaded to processor 'ps7_cortexa9_0'.
21:49:00 INFO  : 'configparams force-mem-access 0' command is executed.
21:49:00 INFO  : ----------------XSDB Script----------------
connect -url tcp:127.0.0.1:3121
targets -set -nocase -filter {name =~"APU*"}
rst -system
after 3000
targets -set -nocase -filter {name =~"APU*"}
loadhw -hw /home/erik/Development/repo/Zynq-7000_EDT/sw/zynq_platform_ws/zynq_edt/export/zynq_edt/hw/system_wrapper.xsa -mem-ranges [list {0x40000000 0xbfffffff}] -regs
configparams force-mem-access 1
targets -set -nocase -filter {name =~"APU*"}
source /home/erik/Development/repo/Zynq-7000_EDT/sw/zynq_platform_ws/hello_world/_ide/psinit/ps7_init.tcl
ps7_init
ps7_post_config
targets -set -nocase -filter {name =~ "*A9*#0"}
dow /home/erik/Development/repo/Zynq-7000_EDT/sw/zynq_platform_ws/hello_world/Debug/hello_world.elf
configparams force-mem-access 0
----------------End of Script----------------

21:49:00 INFO  : Context for processor 'ps7_cortexa9_0' is selected.
21:49:00 INFO  : 'con' command is executed.
21:49:00 INFO  : ----------------XSDB Script (After Launch)----------------
targets -set -nocase -filter {name =~ "*A9*#0"}
con
----------------End of Script----------------

21:49:00 INFO  : Launch script is exported to file '/home/erik/Development/repo/Zynq-7000_EDT/sw/zynq_platform_ws/hello_world_system/_ide/scripts/debugger_hello_world-default_1.tcl'
21:50:51 DEBUG : Logs will be stored at '/home/erik/Development/repo/Zynq-7000_EDT/sw/zynq_platform_ws/IDE.log'.
21:50:52 INFO  : Launching XSCT server: xsct -n  -interactive /home/erik/Development/repo/Zynq-7000_EDT/sw/zynq_platform_ws/temp_xsdb_launch_script.tcl
21:50:55 INFO  : XSCT server has started successfully.
21:50:55 INFO  : Successfully done setting XSCT server connection channel  
21:50:55 INFO  : plnx-install-location is set to ''
21:50:55 INFO  : Successfully done setting workspace for the tool. 
21:50:55 INFO  : Successfully done query RDI_DATADIR 
21:50:55 INFO  : Registering command handlers for Vitis TCF services
21:50:56 INFO  : Platform repository initialization has completed.
21:51:01 INFO  : Checking for BSP changes to sync application flags for project 'hello_world'...
21:51:22 INFO  : Connected to target on host '127.0.0.1' and port '3121'.
21:51:24 INFO  : Jtag cable 'Digilent Zybo Z7 210351AD6564A' is selected.
21:51:24 INFO  : 'jtag frequency' command is executed.
21:51:24 INFO  : Context for 'APU' is selected.
21:51:24 INFO  : System reset is completed.
21:51:27 INFO  : 'after 3000' command is executed.
21:51:28 INFO  : Context for 'APU' is selected.
21:51:28 INFO  : Hardware design and registers information is loaded from '/home/erik/Development/repo/Zynq-7000_EDT/sw/zynq_platform_ws/zynq_edt/export/zynq_edt/hw/system_wrapper.xsa'.
21:51:28 INFO  : 'configparams force-mem-access 1' command is executed.
21:51:28 INFO  : Context for 'APU' is selected.
21:51:28 INFO  : Sourcing of '/home/erik/Development/repo/Zynq-7000_EDT/sw/zynq_platform_ws/hello_world/_ide/psinit/ps7_init.tcl' is done.
21:51:51 INFO  : 'ps7_init' command is executed.
21:51:51 INFO  : Connected to target on host '127.0.0.1' and port '3121'.
21:51:52 INFO  : 'ps7_post_config' command is executed.
21:51:52 INFO  : Context for processor 'ps7_cortexa9_0' is selected.
21:51:55 INFO  : The application '/home/erik/Development/repo/Zynq-7000_EDT/sw/zynq_platform_ws/hello_world/Debug/hello_world.elf' is downloaded to processor 'ps7_cortexa9_0'.
21:51:57 INFO  : 'configparams force-mem-access 0' command is executed.
21:51:57 INFO  : ----------------XSDB Script----------------
connect -url tcp:127.0.0.1:3121
targets -set -nocase -filter {name =~"APU*"}
rst -system
after 3000
targets -set -nocase -filter {name =~"APU*"}
loadhw -hw /home/erik/Development/repo/Zynq-7000_EDT/sw/zynq_platform_ws/zynq_edt/export/zynq_edt/hw/system_wrapper.xsa -mem-ranges [list {0x40000000 0xbfffffff}] -regs
configparams force-mem-access 1
targets -set -nocase -filter {name =~"APU*"}
source /home/erik/Development/repo/Zynq-7000_EDT/sw/zynq_platform_ws/hello_world/_ide/psinit/ps7_init.tcl
ps7_init
ps7_post_config
targets -set -nocase -filter {name =~ "*A9*#0"}
dow /home/erik/Development/repo/Zynq-7000_EDT/sw/zynq_platform_ws/hello_world/Debug/hello_world.elf
configparams force-mem-access 0
----------------End of Script----------------

21:51:57 INFO  : Context for processor 'ps7_cortexa9_0' is selected.
21:51:57 INFO  : 'con' command is executed.
21:51:57 INFO  : ----------------XSDB Script (After Launch)----------------
targets -set -nocase -filter {name =~ "*A9*#0"}
con
----------------End of Script----------------

21:51:57 INFO  : Launch script is exported to file '/home/erik/Development/repo/Zynq-7000_EDT/sw/zynq_platform_ws/hello_world_system/_ide/scripts/debugger_hello_world-default_1.tcl'
21:51:57 INFO  : Jtag cable 'Digilent Zybo Z7 210351AD6564A' is selected.
21:51:58 INFO  : 'jtag frequency' command is executed.
21:51:58 INFO  : Context for 'APU' is selected.
21:51:58 INFO  : System reset is completed.
21:52:01 INFO  : 'after 3000' command is executed.
21:52:01 INFO  : Context for 'APU' is selected.
21:52:01 ERROR : can't read "map": no such variable
21:52:01 INFO  : ----------------XSDB Script----------------
connect -url tcp:127.0.0.1:3121
targets -set -nocase -filter {name =~"APU*"}
rst -system
after 3000
targets -set -nocase -filter {name =~"APU*"}
loadhw -hw /home/erik/Development/repo/Zynq-7000_EDT/sw/zynq_platform_ws/zynq_edt/export/zynq_edt/hw/system_wrapper.xsa -mem-ranges [list {0x40000000 0xbfffffff}] -regs
----------------End of Script----------------

21:52:01 ERROR : can't read "map": no such variable
21:52:19 INFO  : Connected to target on host '127.0.0.1' and port '3121'.
21:52:19 INFO  : Jtag cable 'Digilent Zybo Z7 210351AD6564A' is selected.
21:52:19 INFO  : 'jtag frequency' command is executed.
21:52:19 INFO  : Context for 'APU' is selected.
21:52:19 INFO  : System reset is completed.
21:52:22 INFO  : 'after 3000' command is executed.
21:52:22 INFO  : Context for 'APU' is selected.
21:52:22 ERROR : can't read "map": no such variable
21:52:22 INFO  : ----------------XSDB Script----------------
connect -url tcp:127.0.0.1:3121
targets -set -nocase -filter {name =~"APU*"}
rst -system
after 3000
targets -set -nocase -filter {name =~"APU*"}
loadhw -hw /home/erik/Development/repo/Zynq-7000_EDT/sw/zynq_platform_ws/zynq_edt/export/zynq_edt/hw/system_wrapper.xsa -mem-ranges [list {0x40000000 0xbfffffff}] -regs
----------------End of Script----------------

21:52:22 ERROR : can't read "map": no such variable
21:52:58 INFO  : Connected to target on host '127.0.0.1' and port '3121'.
21:52:58 INFO  : Jtag cable 'Digilent Zybo Z7 210351AD6564A' is selected.
21:52:58 INFO  : 'jtag frequency' command is executed.
21:52:58 INFO  : Context for 'APU' is selected.
21:52:58 INFO  : System reset is completed.
21:53:01 INFO  : 'after 3000' command is executed.
21:53:02 INFO  : Context for 'APU' is selected.
21:53:02 ERROR : can't read "map": no such variable
21:53:02 INFO  : ----------------XSDB Script----------------
connect -url tcp:127.0.0.1:3121
targets -set -nocase -filter {name =~"APU*"}
rst -system
after 3000
targets -set -nocase -filter {name =~"APU*"}
loadhw -hw /home/erik/Development/repo/Zynq-7000_EDT/sw/zynq_platform_ws/zynq_edt/export/zynq_edt/hw/system_wrapper.xsa -mem-ranges [list {0x40000000 0xbfffffff}] -regs
----------------End of Script----------------

21:53:02 ERROR : can't read "map": no such variable
21:53:24 INFO  : Connected to target on host '127.0.0.1' and port '3121'.
21:53:25 INFO  : Jtag cable 'Digilent Zybo Z7 210351AD6564A' is selected.
21:53:25 INFO  : 'jtag frequency' command is executed.
21:53:25 INFO  : Context for 'APU' is selected.
21:53:25 INFO  : System reset is completed.
21:53:28 INFO  : 'after 3000' command is executed.
21:53:28 INFO  : Context for 'APU' is selected.
21:53:28 ERROR : can't read "map": no such variable
21:53:28 INFO  : ----------------XSDB Script----------------
connect -url tcp:127.0.0.1:3121
targets -set -nocase -filter {name =~"APU*"}
rst -system
after 3000
targets -set -nocase -filter {name =~"APU*"}
loadhw -hw /home/erik/Development/repo/Zynq-7000_EDT/sw/zynq_platform_ws/zynq_edt/export/zynq_edt/hw/system_wrapper.xsa -mem-ranges [list {0x40000000 0xbfffffff}] -regs
----------------End of Script----------------

21:53:28 ERROR : can't read "map": no such variable
21:53:52 INFO  : Checking for BSP changes to sync application flags for project 'hello_world'...
21:54:04 INFO  : Connected to target on host '127.0.0.1' and port '3121'.
21:54:04 INFO  : Jtag cable 'Digilent Zybo Z7 210351AD6564A' is selected.
21:54:04 INFO  : 'jtag frequency' command is executed.
21:54:04 INFO  : Context for 'APU' is selected.
21:54:05 INFO  : System reset is completed.
21:54:08 INFO  : 'after 3000' command is executed.
21:54:08 INFO  : Context for 'APU' is selected.
21:54:08 ERROR : can't read "map": no such variable
21:54:08 INFO  : ----------------XSDB Script----------------
connect -url tcp:127.0.0.1:3121
targets -set -nocase -filter {name =~"APU*"}
rst -system
after 3000
targets -set -nocase -filter {name =~"APU*"}
loadhw -hw /home/erik/Development/repo/Zynq-7000_EDT/sw/zynq_platform_ws/zynq_edt/export/zynq_edt/hw/system_wrapper.xsa -mem-ranges [list {0x40000000 0xbfffffff}] -regs
----------------End of Script----------------

21:54:08 ERROR : can't read "map": no such variable
21:29:11 DEBUG : Logs will be stored at '/home/erik/Development/repo/Zynq-7000_EDT/sw/zynq_platform_ws/IDE.log'.
21:29:12 INFO  : Launching XSCT server: xsct -n  -interactive /home/erik/Development/repo/Zynq-7000_EDT/sw/zynq_platform_ws/temp_xsdb_launch_script.tcl
21:29:16 INFO  : XSCT server has started successfully.
21:29:17 INFO  : Platform repository initialization has completed.
21:29:17 INFO  : Registering command handlers for Vitis TCF services
21:29:19 INFO  : plnx-install-location is set to ''
21:29:19 INFO  : Successfully done setting XSCT server connection channel  
21:29:19 INFO  : Successfully done query RDI_DATADIR 
21:29:19 INFO  : Successfully done setting workspace for the tool. 
21:29:38 INFO  : Connected to target on host '127.0.0.1' and port '3121'.
21:29:40 INFO  : Jtag cable 'Digilent Zybo Z7 210351AD6564A' is selected.
21:29:40 INFO  : 'jtag frequency' command is executed.
21:29:40 INFO  : Context for 'APU' is selected.
21:29:41 INFO  : System reset is completed.
21:29:44 INFO  : 'after 3000' command is executed.
21:29:44 INFO  : Context for 'APU' is selected.
21:29:44 INFO  : Hardware design and registers information is loaded from '/home/erik/Development/repo/Zynq-7000_EDT/sw/zynq_platform_ws/zynq_edt/export/zynq_edt/hw/system_wrapper.xsa'.
21:29:44 INFO  : 'configparams force-mem-access 1' command is executed.
21:29:44 INFO  : Context for 'APU' is selected.
21:29:44 INFO  : Sourcing of '/home/erik/Development/repo/Zynq-7000_EDT/sw/zynq_platform_ws/hello_world/_ide/psinit/ps7_init.tcl' is done.
21:30:10 INFO  : 'ps7_init' command is executed.
21:30:10 INFO  : 'ps7_post_config' command is executed.
21:30:10 INFO  : Context for processor 'ps7_cortexa9_0' is selected.
21:30:13 INFO  : The application '/home/erik/Development/repo/Zynq-7000_EDT/sw/zynq_platform_ws/hello_world/Debug/hello_world.elf' is downloaded to processor 'ps7_cortexa9_0'.
21:30:14 INFO  : 'configparams force-mem-access 0' command is executed.
21:30:14 INFO  : ----------------XSDB Script----------------
connect -url tcp:127.0.0.1:3121
targets -set -nocase -filter {name =~"APU*"}
rst -system
after 3000
targets -set -nocase -filter {name =~"APU*"}
loadhw -hw /home/erik/Development/repo/Zynq-7000_EDT/sw/zynq_platform_ws/zynq_edt/export/zynq_edt/hw/system_wrapper.xsa -mem-ranges [list {0x40000000 0xbfffffff}] -regs
configparams force-mem-access 1
targets -set -nocase -filter {name =~"APU*"}
source /home/erik/Development/repo/Zynq-7000_EDT/sw/zynq_platform_ws/hello_world/_ide/psinit/ps7_init.tcl
ps7_init
ps7_post_config
targets -set -nocase -filter {name =~ "*A9*#0"}
dow /home/erik/Development/repo/Zynq-7000_EDT/sw/zynq_platform_ws/hello_world/Debug/hello_world.elf
configparams force-mem-access 0
----------------End of Script----------------

21:30:15 INFO  : Context for processor 'ps7_cortexa9_0' is selected.
21:30:15 INFO  : 'con' command is executed.
21:30:15 INFO  : ----------------XSDB Script (After Launch)----------------
targets -set -nocase -filter {name =~ "*A9*#0"}
con
----------------End of Script----------------

21:30:15 INFO  : Launch script is exported to file '/home/erik/Development/repo/Zynq-7000_EDT/sw/zynq_platform_ws/hello_world_system/_ide/scripts/debugger_hello_world-default_1.tcl'
21:30:29 INFO  : Disconnected from the channel tcfchan#1.
21:30:30 INFO  : Connected to target on host '127.0.0.1' and port '3121'.
21:30:30 INFO  : Jtag cable 'Digilent Zybo Z7 210351AD6564A' is selected.
21:30:30 INFO  : 'jtag frequency' command is executed.
21:30:30 INFO  : Context for 'APU' is selected.
21:30:31 INFO  : System reset is completed.
21:30:34 INFO  : 'after 3000' command is executed.
21:30:34 INFO  : Context for 'APU' is selected.
21:30:37 INFO  : Hardware design and registers information is loaded from '/home/erik/Development/repo/Zynq-7000_EDT/sw/zynq_platform_ws/zynq_edt/export/zynq_edt/hw/system_wrapper.xsa'.
21:30:37 INFO  : 'configparams force-mem-access 1' command is executed.
21:30:37 INFO  : Context for 'APU' is selected.
21:30:37 INFO  : Sourcing of '/home/erik/Development/repo/Zynq-7000_EDT/sw/zynq_platform_ws/hello_world/_ide/psinit/ps7_init.tcl' is done.
21:31:03 INFO  : 'ps7_init' command is executed.
21:31:04 INFO  : 'ps7_post_config' command is executed.
21:31:04 INFO  : Context for processor 'ps7_cortexa9_0' is selected.
21:31:07 INFO  : The application '/home/erik/Development/repo/Zynq-7000_EDT/sw/zynq_platform_ws/hello_world/Debug/hello_world.elf' is downloaded to processor 'ps7_cortexa9_0'.
21:31:08 INFO  : 'configparams force-mem-access 0' command is executed.
21:31:08 INFO  : ----------------XSDB Script----------------
connect -url tcp:127.0.0.1:3121
targets -set -nocase -filter {name =~"APU*"}
rst -system
after 3000
targets -set -nocase -filter {name =~"APU*"}
loadhw -hw /home/erik/Development/repo/Zynq-7000_EDT/sw/zynq_platform_ws/zynq_edt/export/zynq_edt/hw/system_wrapper.xsa -mem-ranges [list {0x40000000 0xbfffffff}] -regs
configparams force-mem-access 1
targets -set -nocase -filter {name =~"APU*"}
source /home/erik/Development/repo/Zynq-7000_EDT/sw/zynq_platform_ws/hello_world/_ide/psinit/ps7_init.tcl
ps7_init
ps7_post_config
targets -set -nocase -filter {name =~ "*A9*#0"}
dow /home/erik/Development/repo/Zynq-7000_EDT/sw/zynq_platform_ws/hello_world/Debug/hello_world.elf
configparams force-mem-access 0
----------------End of Script----------------

21:31:09 INFO  : Context for processor 'ps7_cortexa9_0' is selected.
21:31:09 INFO  : 'con' command is executed.
21:31:09 INFO  : ----------------XSDB Script (After Launch)----------------
targets -set -nocase -filter {name =~ "*A9*#0"}
con
----------------End of Script----------------

21:31:09 INFO  : Launch script is exported to file '/home/erik/Development/repo/Zynq-7000_EDT/sw/zynq_platform_ws/hello_world_system/_ide/scripts/debugger_hello_world-default_1.tcl'
21:33:53 INFO  : Checking for BSP changes to sync application flags for project 'hello_world'...
21:34:26 INFO  : Checking for BSP changes to sync application flags for project 'hello_world'...
21:34:42 INFO  : Disconnected from the channel tcfchan#2.
21:34:44 INFO  : Connected to target on host '127.0.0.1' and port '3121'.
21:34:44 INFO  : Jtag cable 'Digilent Zybo Z7 210351AD6564A' is selected.
21:34:44 INFO  : 'jtag frequency' command is executed.
21:34:44 INFO  : Context for 'APU' is selected.
21:34:45 INFO  : System reset is completed.
21:34:48 INFO  : 'after 3000' command is executed.
21:34:48 INFO  : Context for 'APU' is selected.
21:34:50 INFO  : Hardware design and registers information is loaded from '/home/erik/Development/repo/Zynq-7000_EDT/sw/zynq_platform_ws/zynq_edt/export/zynq_edt/hw/system_wrapper.xsa'.
21:34:50 INFO  : 'configparams force-mem-access 1' command is executed.
21:34:50 INFO  : Context for 'APU' is selected.
21:34:50 INFO  : Sourcing of '/home/erik/Development/repo/Zynq-7000_EDT/sw/zynq_platform_ws/hello_world/_ide/psinit/ps7_init.tcl' is done.
21:35:16 INFO  : 'ps7_init' command is executed.
21:35:16 INFO  : 'ps7_post_config' command is executed.
21:35:16 INFO  : Context for processor 'ps7_cortexa9_0' is selected.
21:35:21 INFO  : The application '/home/erik/Development/repo/Zynq-7000_EDT/sw/zynq_platform_ws/hello_world/Debug/hello_world.elf' is downloaded to processor 'ps7_cortexa9_0'.
21:35:23 INFO  : 'configparams force-mem-access 0' command is executed.
21:35:23 INFO  : ----------------XSDB Script----------------
connect -url tcp:127.0.0.1:3121
targets -set -nocase -filter {name =~"APU*"}
rst -system
after 3000
targets -set -nocase -filter {name =~"APU*"}
loadhw -hw /home/erik/Development/repo/Zynq-7000_EDT/sw/zynq_platform_ws/zynq_edt/export/zynq_edt/hw/system_wrapper.xsa -mem-ranges [list {0x40000000 0xbfffffff}] -regs
configparams force-mem-access 1
targets -set -nocase -filter {name =~"APU*"}
source /home/erik/Development/repo/Zynq-7000_EDT/sw/zynq_platform_ws/hello_world/_ide/psinit/ps7_init.tcl
ps7_init
ps7_post_config
targets -set -nocase -filter {name =~ "*A9*#0"}
dow /home/erik/Development/repo/Zynq-7000_EDT/sw/zynq_platform_ws/hello_world/Debug/hello_world.elf
configparams force-mem-access 0
----------------End of Script----------------

21:35:23 INFO  : Context for processor 'ps7_cortexa9_0' is selected.
21:35:23 INFO  : 'con' command is executed.
21:35:23 INFO  : ----------------XSDB Script (After Launch)----------------
targets -set -nocase -filter {name =~ "*A9*#0"}
con
----------------End of Script----------------

21:35:23 INFO  : Launch script is exported to file '/home/erik/Development/repo/Zynq-7000_EDT/sw/zynq_platform_ws/hello_world_system/_ide/scripts/debugger_hello_world-default_1.tcl'
21:36:05 INFO  : Checking for BSP changes to sync application flags for project 'hello_world'...
21:36:22 INFO  : Disconnected from the channel tcfchan#3.
21:36:23 INFO  : Connected to target on host '127.0.0.1' and port '3121'.
21:36:32 INFO  : ----------------XSDB Script----------------
connect -url tcp:127.0.0.1:3121
----------------End of Script----------------

21:36:32 ERROR : Could not find FPGA device on the board for connection 'Local'.


Troubleshooting hints:
1. Check whether board is connected to system properly.
2. In case of zynq board, check whether Digilent/Xilinx cable switch settings are correct.
3. If you are using Xilinx Platform Cable USB, ensure that status LED is green.
21:36:56 INFO  : Connected to target on host '127.0.0.1' and port '3121'.
21:36:57 INFO  : Jtag cable 'Digilent Zybo Z7 210351AD6564A' is selected.
21:36:57 INFO  : 'jtag frequency' command is executed.
21:36:57 INFO  : Context for 'APU' is selected.
21:36:57 INFO  : System reset is completed.
21:37:00 INFO  : 'after 3000' command is executed.
21:37:00 INFO  : Context for 'APU' is selected.
21:37:03 INFO  : Hardware design and registers information is loaded from '/home/erik/Development/repo/Zynq-7000_EDT/sw/zynq_platform_ws/zynq_edt/export/zynq_edt/hw/system_wrapper.xsa'.
21:37:03 INFO  : 'configparams force-mem-access 1' command is executed.
21:37:03 INFO  : Context for 'APU' is selected.
21:37:03 INFO  : Sourcing of '/home/erik/Development/repo/Zynq-7000_EDT/sw/zynq_platform_ws/hello_world/_ide/psinit/ps7_init.tcl' is done.
21:37:31 INFO  : 'ps7_init' command is executed.
21:37:32 INFO  : 'ps7_post_config' command is executed.
21:37:32 INFO  : Context for processor 'ps7_cortexa9_0' is selected.
21:37:38 INFO  : The application '/home/erik/Development/repo/Zynq-7000_EDT/sw/zynq_platform_ws/hello_world/Debug/hello_world.elf' is downloaded to processor 'ps7_cortexa9_0'.
21:37:40 INFO  : 'configparams force-mem-access 0' command is executed.
21:37:40 INFO  : ----------------XSDB Script----------------
connect -url tcp:127.0.0.1:3121
targets -set -nocase -filter {name =~"APU*"}
rst -system
after 3000
targets -set -nocase -filter {name =~"APU*"}
loadhw -hw /home/erik/Development/repo/Zynq-7000_EDT/sw/zynq_platform_ws/zynq_edt/export/zynq_edt/hw/system_wrapper.xsa -mem-ranges [list {0x40000000 0xbfffffff}] -regs
configparams force-mem-access 1
targets -set -nocase -filter {name =~"APU*"}
source /home/erik/Development/repo/Zynq-7000_EDT/sw/zynq_platform_ws/hello_world/_ide/psinit/ps7_init.tcl
ps7_init
ps7_post_config
targets -set -nocase -filter {name =~ "*A9*#0"}
dow /home/erik/Development/repo/Zynq-7000_EDT/sw/zynq_platform_ws/hello_world/Debug/hello_world.elf
configparams force-mem-access 0
----------------End of Script----------------

21:37:40 INFO  : Context for processor 'ps7_cortexa9_0' is selected.
21:37:40 INFO  : 'con' command is executed.
21:37:40 INFO  : ----------------XSDB Script (After Launch)----------------
targets -set -nocase -filter {name =~ "*A9*#0"}
con
----------------End of Script----------------

21:37:40 INFO  : Launch script is exported to file '/home/erik/Development/repo/Zynq-7000_EDT/sw/zynq_platform_ws/hello_world_system/_ide/scripts/debugger_hello_world-default_1.tcl'
21:38:06 INFO  : Disconnected from the channel tcfchan#4.
22:13:11 DEBUG : Logs will be stored at '/home/erik/Development/repo/Zynq-7000_EDT/sw/zynq_platform_ws/IDE.log'.
22:13:12 INFO  : Launching XSCT server: xsct -n  -interactive /home/erik/Development/repo/Zynq-7000_EDT/sw/zynq_platform_ws/temp_xsdb_launch_script.tcl
22:13:17 INFO  : Platform repository initialization has completed.
22:13:17 INFO  : Registering command handlers for Vitis TCF services
22:13:17 INFO  : XSCT server has started successfully.
22:13:19 INFO  : Successfully done setting XSCT server connection channel  
22:13:19 INFO  : plnx-install-location is set to ''
22:13:19 INFO  : Successfully done query RDI_DATADIR 
22:13:19 INFO  : Successfully done setting workspace for the tool. 
22:14:29 INFO  : Connected to target on host '127.0.0.1' and port '3121'.
22:14:47 INFO  : ----------------XSDB Script----------------
connect -url tcp:127.0.0.1:3121
----------------End of Script----------------

22:14:47 ERROR : Could not find ARM device on the board for connection 'Local'.
Check if the target is in:
1. Split JTAG - No operations are possible with ARM DAP.
2. Non JTAG bootmode - Bootrom may need time to enable DAP.
Please try again.


Troubleshooting hints:
1. Check whether board is connected to system properly.
2. In case of zynq board, check whether Digilent/Xilinx cable switch settings are correct.
3. If you are using Xilinx Platform Cable USB, ensure that status LED is green.
22:15:17 INFO  : Connected to target on host '127.0.0.1' and port '3121'.
22:15:18 INFO  : Jtag cable 'Digilent Zybo Z7 210351AD6564A' is selected.
22:15:18 INFO  : 'jtag frequency' command is executed.
22:15:18 INFO  : Context for 'APU' is selected.
22:15:18 INFO  : System reset is completed.
22:15:21 INFO  : 'after 3000' command is executed.
22:15:21 INFO  : Context for 'APU' is selected.
22:15:22 INFO  : Hardware design and registers information is loaded from '/home/erik/Development/repo/Zynq-7000_EDT/sw/zynq_platform_ws/zynq_edt/export/zynq_edt/hw/system_wrapper.xsa'.
22:15:22 INFO  : 'configparams force-mem-access 1' command is executed.
22:15:22 INFO  : Context for 'APU' is selected.
22:15:22 INFO  : Sourcing of '/home/erik/Development/repo/Zynq-7000_EDT/sw/zynq_platform_ws/hello_world/_ide/psinit/ps7_init.tcl' is done.
22:15:51 INFO  : 'ps7_init' command is executed.
22:15:52 INFO  : 'ps7_post_config' command is executed.
22:15:52 INFO  : Context for processor 'ps7_cortexa9_0' is selected.
22:15:58 INFO  : The application '/home/erik/Development/repo/Zynq-7000_EDT/sw/zynq_platform_ws/hello_world/Debug/hello_world.elf' is downloaded to processor 'ps7_cortexa9_0'.
22:16:00 INFO  : 'configparams force-mem-access 0' command is executed.
22:16:00 INFO  : ----------------XSDB Script----------------
connect -url tcp:127.0.0.1:3121
targets -set -nocase -filter {name =~"APU*"}
rst -system
after 3000
targets -set -nocase -filter {name =~"APU*"}
loadhw -hw /home/erik/Development/repo/Zynq-7000_EDT/sw/zynq_platform_ws/zynq_edt/export/zynq_edt/hw/system_wrapper.xsa -mem-ranges [list {0x40000000 0xbfffffff}] -regs
configparams force-mem-access 1
targets -set -nocase -filter {name =~"APU*"}
source /home/erik/Development/repo/Zynq-7000_EDT/sw/zynq_platform_ws/hello_world/_ide/psinit/ps7_init.tcl
ps7_init
ps7_post_config
targets -set -nocase -filter {name =~ "*A9*#0"}
dow /home/erik/Development/repo/Zynq-7000_EDT/sw/zynq_platform_ws/hello_world/Debug/hello_world.elf
configparams force-mem-access 0
----------------End of Script----------------

22:16:02 INFO  : Context for processor 'ps7_cortexa9_0' is selected.
22:16:02 INFO  : 'con' command is executed.
22:16:02 INFO  : ----------------XSDB Script (After Launch)----------------
targets -set -nocase -filter {name =~ "*A9*#0"}
con
----------------End of Script----------------

22:16:02 INFO  : Launch script is exported to file '/home/erik/Development/repo/Zynq-7000_EDT/sw/zynq_platform_ws/hello_world_system/_ide/scripts/debugger_hello_world-default_1.tcl'
22:20:26 INFO  : Disconnected from the channel tcfchan#1.
23:25:57 DEBUG : Logs will be stored at '/home/erik/Development/repo/Zynq-7000_EDT/sw/zynq_platform_ws/IDE.log'.
23:25:58 INFO  : Launching XSCT server: xsct -n  -interactive /home/erik/Development/repo/Zynq-7000_EDT/sw/zynq_platform_ws/temp_xsdb_launch_script.tcl
23:26:01 INFO  : XSCT server has started successfully.
23:26:01 INFO  : plnx-install-location is set to ''
23:26:01 INFO  : Successfully done setting XSCT server connection channel  
23:26:01 INFO  : Successfully done setting workspace for the tool. 
23:26:01 INFO  : Successfully done query RDI_DATADIR 
23:26:01 INFO  : Platform repository initialization has completed.
23:26:01 INFO  : Registering command handlers for Vitis TCF services
20:25:24 DEBUG : Logs will be stored at '/home/erik/Development/repo/Zynq-7000_EDT/sw/zynq_platform_ws/IDE.log'.
20:25:25 INFO  : Launching XSCT server: xsct -n  -interactive /home/erik/Development/repo/Zynq-7000_EDT/sw/zynq_platform_ws/temp_xsdb_launch_script.tcl
20:25:29 INFO  : XSCT server has started successfully.
20:25:29 INFO  : plnx-install-location is set to ''
20:25:29 INFO  : Successfully done setting XSCT server connection channel  
20:25:29 INFO  : Registering command handlers for Vitis TCF services
20:25:29 INFO  : Platform repository initialization has completed.
20:25:31 INFO  : Successfully done setting workspace for the tool. 
20:25:31 INFO  : Successfully done query RDI_DATADIR 
20:27:42 INFO  : Result from executing command 'getProjects': zynq_edt
20:27:42 INFO  : Result from executing command 'getPlatforms': xilinx_zcu102_base_202220_1|/opt/Xilinx/Vitis/2022.2/base_platforms/xilinx_zcu102_base_202220_1/xilinx_zcu102_base_202220_1.xpfm;xilinx_zcu102_base_dfx_202220_1|/opt/Xilinx/Vitis/2022.2/base_platforms/xilinx_zcu102_base_dfx_202220_1/xilinx_zcu102_base_dfx_202220_1.xpfm;xilinx_zcu104_base_202220_1|/opt/Xilinx/Vitis/2022.2/base_platforms/xilinx_zcu104_base_202220_1/xilinx_zcu104_base_202220_1.xpfm;zynq_edt|/home/erik/Development/repo/Zynq-7000_EDT/sw/zynq_platform_ws/zynq_edt/export/zynq_edt/zynq_edt.xpfm
22:22:02 DEBUG : Logs will be stored at '/home/erik/Development/repo/Zynq-7000_EDT/sw/zynq_platform_ws/IDE.log'.
22:22:04 INFO  : Launching XSCT server: xsct -n  -interactive /home/erik/Development/repo/Zynq-7000_EDT/sw/zynq_platform_ws/temp_xsdb_launch_script.tcl
22:22:08 INFO  : XSCT server has started successfully.
22:22:08 INFO  : Successfully done setting XSCT server connection channel  
22:22:08 INFO  : plnx-install-location is set to ''
22:22:08 INFO  : Successfully done setting workspace for the tool. 
22:22:09 INFO  : Platform repository initialization has completed.
22:22:09 INFO  : Registering command handlers for Vitis TCF services
22:22:10 INFO  : Successfully done query RDI_DATADIR 
22:34:15 DEBUG : Logs will be stored at '/home/erik/Development/repo/Zynq-7000_EDT/sw/zynq_platform_ws/IDE.log'.
22:34:16 INFO  : Launching XSCT server: xsct -n  -interactive /home/erik/Development/repo/Zynq-7000_EDT/sw/zynq_platform_ws/temp_xsdb_launch_script.tcl
22:34:19 INFO  : XSCT server has started successfully.
22:34:19 INFO  : plnx-install-location is set to ''
22:34:19 INFO  : Successfully done setting XSCT server connection channel  
22:34:19 INFO  : Successfully done setting workspace for the tool. 
22:34:21 INFO  : Registering command handlers for Vitis TCF services
22:34:21 INFO  : Platform repository initialization has completed.
22:34:22 INFO  : Successfully done query RDI_DATADIR 
22:34:42 INFO  : Hardware specification for platform project 'zynq_edt' is updated.
22:35:52 INFO  : Hardware specification for platform project 'zynq_edt' is updated.
22:36:53 INFO  : Result from executing command 'getProjects': zynq_edt
22:36:53 INFO  : Result from executing command 'getPlatforms': xilinx_zcu102_base_202220_1|/opt/Xilinx/Vitis/2022.2/base_platforms/xilinx_zcu102_base_202220_1/xilinx_zcu102_base_202220_1.xpfm;xilinx_zcu102_base_dfx_202220_1|/opt/Xilinx/Vitis/2022.2/base_platforms/xilinx_zcu102_base_dfx_202220_1/xilinx_zcu102_base_dfx_202220_1.xpfm;xilinx_zcu104_base_202220_1|/opt/Xilinx/Vitis/2022.2/base_platforms/xilinx_zcu104_base_202220_1/xilinx_zcu104_base_202220_1.xpfm;zynq_edt|/home/erik/Development/repo/Zynq-7000_EDT/sw/zynq_platform_ws/zynq_edt/export/zynq_edt/zynq_edt.xpfm
20:44:22 DEBUG : Logs will be stored at '/home/erik/Development/repo/Zynq-7000_EDT/sw/zynq_platform_ws/IDE.log'.
20:44:24 INFO  : Launching XSCT server: xsct -n  -interactive /home/erik/Development/repo/Zynq-7000_EDT/sw/zynq_platform_ws/temp_xsdb_launch_script.tcl
20:44:28 INFO  : XSCT server has started successfully.
20:44:28 INFO  : Successfully done setting XSCT server connection channel  
20:44:28 INFO  : Platform repository initialization has completed.
20:44:29 INFO  : Registering command handlers for Vitis TCF services
20:44:31 INFO  : Successfully done setting workspace for the tool. 
20:44:31 INFO  : plnx-install-location is set to ''
20:44:31 INFO  : Successfully done query RDI_DATADIR 
20:59:35 INFO  : Result from executing command 'getProjects': zynq_edt
20:59:35 INFO  : Result from executing command 'getPlatforms': xilinx_zcu102_base_202220_1|/opt/Xilinx/Vitis/2022.2/base_platforms/xilinx_zcu102_base_202220_1/xilinx_zcu102_base_202220_1.xpfm;xilinx_zcu102_base_dfx_202220_1|/opt/Xilinx/Vitis/2022.2/base_platforms/xilinx_zcu102_base_dfx_202220_1/xilinx_zcu102_base_dfx_202220_1.xpfm;xilinx_zcu104_base_202220_1|/opt/Xilinx/Vitis/2022.2/base_platforms/xilinx_zcu104_base_202220_1/xilinx_zcu104_base_202220_1.xpfm;zynq_edt|/home/erik/Development/repo/Zynq-7000_EDT/sw/zynq_platform_ws/zynq_edt/export/zynq_edt/zynq_edt.xpfm
20:59:38 INFO  : Checking for BSP changes to sync application flags for project 'hello_pl'...
21:00:33 INFO  : Connected to target on host '127.0.0.1' and port '3121'.
21:00:45 INFO  : Jtag cable 'Digilent Zybo Z7 210351AD6564A' is selected.
21:00:45 INFO  : 'jtag frequency' command is executed.
21:00:46 INFO  : Context for 'APU' is selected.
21:00:46 INFO  : System reset is completed.
21:00:49 INFO  : 'after 3000' command is executed.
21:00:50 INFO  : 'targets -set -filter {jtag_cable_name =~ "Digilent Zybo Z7 210351AD6564A" && level==0 && jtag_device_ctx=="jsn-Zybo Z7-210351AD6564A-23727093-0"}' command is executed.
21:00:55 INFO  : Device configured successfully with "/home/erik/Development/repo/Zynq-7000_EDT/sw/zynq_platform_ws/hello_pl/_ide/bitstream/system_wrapper.bit"
21:00:56 INFO  : Context for 'APU' is selected.
21:00:56 INFO  : Hardware design and registers information is loaded from '/home/erik/Development/repo/Zynq-7000_EDT/sw/zynq_platform_ws/zynq_edt/export/zynq_edt/hw/system_wrapper.xsa'.
21:00:56 INFO  : 'configparams force-mem-access 1' command is executed.
21:00:56 INFO  : Context for 'APU' is selected.
21:00:56 INFO  : Sourcing of '/home/erik/Development/repo/Zynq-7000_EDT/sw/zynq_platform_ws/hello_pl/_ide/psinit/ps7_init.tcl' is done.
21:01:20 ERROR : Memory read error at 0xF8F00208. Invalid DAP IDCODE 00000000. Invalid DAP ACK value: 6
21:01:20 INFO  : ----------------XSDB Script----------------
connect -url tcp:127.0.0.1:3121
targets -set -nocase -filter {name =~"APU*"}
rst -system
after 3000
targets -set -filter {jtag_cable_name =~ "Digilent Zybo Z7 210351AD6564A" && level==0 && jtag_device_ctx=="jsn-Zybo Z7-210351AD6564A-23727093-0"}
fpga -file /home/erik/Development/repo/Zynq-7000_EDT/sw/zynq_platform_ws/hello_pl/_ide/bitstream/system_wrapper.bit
targets -set -nocase -filter {name =~"APU*"}
loadhw -hw /home/erik/Development/repo/Zynq-7000_EDT/sw/zynq_platform_ws/zynq_edt/export/zynq_edt/hw/system_wrapper.xsa -mem-ranges [list {0x40000000 0xbfffffff}] -regs
configparams force-mem-access 1
targets -set -nocase -filter {name =~"APU*"}
source /home/erik/Development/repo/Zynq-7000_EDT/sw/zynq_platform_ws/hello_pl/_ide/psinit/ps7_init.tcl
ps7_init
----------------End of Script----------------

21:01:20 ERROR : Memory read error at 0xF8F00208. Invalid DAP IDCODE 00000000. Invalid DAP ACK value: 6
21:01:29 INFO  : Connected to target on host '127.0.0.1' and port '3121'.
21:01:29 INFO  : Jtag cable 'Digilent Zybo Z7 210351AD6564A' is selected.
21:01:29 INFO  : 'jtag frequency' command is executed.
21:01:29 INFO  : Context for 'APU' is selected.
21:01:29 INFO  : System reset is completed.
21:01:33 INFO  : 'after 3000' command is executed.
21:01:33 INFO  : 'targets -set -filter {jtag_cable_name =~ "Digilent Zybo Z7 210351AD6564A" && level==0 && jtag_device_ctx=="jsn-Zybo Z7-210351AD6564A-23727093-0"}' command is executed.
21:01:38 INFO  : Device configured successfully with "/home/erik/Development/repo/Zynq-7000_EDT/sw/zynq_platform_ws/hello_pl/_ide/bitstream/system_wrapper.bit"
21:01:38 INFO  : Context for 'APU' is selected.
21:01:38 INFO  : Hardware design and registers information is loaded from '/home/erik/Development/repo/Zynq-7000_EDT/sw/zynq_platform_ws/zynq_edt/export/zynq_edt/hw/system_wrapper.xsa'.
21:01:38 INFO  : 'configparams force-mem-access 1' command is executed.
21:01:38 INFO  : Context for 'APU' is selected.
21:01:38 INFO  : Sourcing of '/home/erik/Development/repo/Zynq-7000_EDT/sw/zynq_platform_ws/hello_pl/_ide/psinit/ps7_init.tcl' is done.
21:02:07 INFO  : 'ps7_init' command is executed.
21:02:07 INFO  : 'ps7_post_config' command is executed.
21:02:07 INFO  : Context for processor 'ps7_cortexa9_0' is selected.
21:02:14 INFO  : The application '/home/erik/Development/repo/Zynq-7000_EDT/sw/zynq_platform_ws/hello_pl/Debug/hello_pl.elf' is downloaded to processor 'ps7_cortexa9_0'.
21:02:16 INFO  : 'configparams force-mem-access 0' command is executed.
21:02:16 INFO  : ----------------XSDB Script----------------
connect -url tcp:127.0.0.1:3121
targets -set -nocase -filter {name =~"APU*"}
rst -system
after 3000
targets -set -filter {jtag_cable_name =~ "Digilent Zybo Z7 210351AD6564A" && level==0 && jtag_device_ctx=="jsn-Zybo Z7-210351AD6564A-23727093-0"}
fpga -file /home/erik/Development/repo/Zynq-7000_EDT/sw/zynq_platform_ws/hello_pl/_ide/bitstream/system_wrapper.bit
targets -set -nocase -filter {name =~"APU*"}
loadhw -hw /home/erik/Development/repo/Zynq-7000_EDT/sw/zynq_platform_ws/zynq_edt/export/zynq_edt/hw/system_wrapper.xsa -mem-ranges [list {0x40000000 0xbfffffff}] -regs
configparams force-mem-access 1
targets -set -nocase -filter {name =~"APU*"}
source /home/erik/Development/repo/Zynq-7000_EDT/sw/zynq_platform_ws/hello_pl/_ide/psinit/ps7_init.tcl
ps7_init
ps7_post_config
targets -set -nocase -filter {name =~ "*A9*#0"}
dow /home/erik/Development/repo/Zynq-7000_EDT/sw/zynq_platform_ws/hello_pl/Debug/hello_pl.elf
configparams force-mem-access 0
----------------End of Script----------------

21:02:16 INFO  : Context for processor 'ps7_cortexa9_0' is selected.
21:02:16 INFO  : 'con' command is executed.
21:02:16 INFO  : ----------------XSDB Script (After Launch)----------------
targets -set -nocase -filter {name =~ "*A9*#0"}
con
----------------End of Script----------------

21:02:16 INFO  : Launch script is exported to file '/home/erik/Development/repo/Zynq-7000_EDT/sw/zynq_platform_ws/hello_pl_system/_ide/scripts/debugger_hello_pl-default.tcl'
21:16:59 INFO  : Disconnected from the channel tcfchan#3.
16:27:48 DEBUG : Logs will be stored at '/home/erik/Development/repo/Zynq-7000_EDT/sw/zynq_platform_ws/IDE.log'.
16:27:49 INFO  : Launching XSCT server: xsct -n  -interactive /home/erik/Development/repo/Zynq-7000_EDT/sw/zynq_platform_ws/temp_xsdb_launch_script.tcl
16:27:52 INFO  : XSCT server has started successfully.
16:27:53 INFO  : Platform repository initialization has completed.
16:27:53 INFO  : Registering command handlers for Vitis TCF services
16:27:54 INFO  : Successfully done setting XSCT server connection channel  
16:27:54 INFO  : plnx-install-location is set to ''
16:27:54 INFO  : Successfully done query RDI_DATADIR 
16:27:54 INFO  : Successfully done setting workspace for the tool. 
16:34:33 INFO  : Checking for BSP changes to sync application flags for project 'hello_pl'...
16:35:37 INFO  : Connected to target on host '127.0.0.1' and port '3121'.
16:35:39 INFO  : Jtag cable 'Digilent Zybo Z7 210351AD6564A' is selected.
16:35:39 INFO  : 'jtag frequency' command is executed.
16:35:39 INFO  : Context for 'APU' is selected.
16:35:40 INFO  : System reset is completed.
16:35:43 INFO  : 'after 3000' command is executed.
16:35:43 INFO  : 'targets -set -filter {jtag_cable_name =~ "Digilent Zybo Z7 210351AD6564A" && level==0 && jtag_device_ctx=="jsn-Zybo Z7-210351AD6564A-23727093-0"}' command is executed.
16:35:48 INFO  : Device configured successfully with "/home/erik/Development/repo/Zynq-7000_EDT/sw/zynq_platform_ws/hello_pl/_ide/bitstream/system_wrapper.bit"
16:35:48 INFO  : Context for 'APU' is selected.
16:35:49 INFO  : Hardware design and registers information is loaded from '/home/erik/Development/repo/Zynq-7000_EDT/sw/zynq_platform_ws/zynq_edt/export/zynq_edt/hw/system_wrapper.xsa'.
16:35:49 INFO  : 'configparams force-mem-access 1' command is executed.
16:35:49 INFO  : Context for 'APU' is selected.
16:35:49 INFO  : Sourcing of '/home/erik/Development/repo/Zynq-7000_EDT/sw/zynq_platform_ws/hello_pl/_ide/psinit/ps7_init.tcl' is done.
16:36:07 ERROR : Memory write error at 0xF8000004. Invalid DAP IDCODE 00000000. Invalid DAP ACK value: 4
16:36:07 INFO  : ----------------XSDB Script----------------
connect -url tcp:127.0.0.1:3121
targets -set -nocase -filter {name =~"APU*"}
rst -system
after 3000
targets -set -filter {jtag_cable_name =~ "Digilent Zybo Z7 210351AD6564A" && level==0 && jtag_device_ctx=="jsn-Zybo Z7-210351AD6564A-23727093-0"}
fpga -file /home/erik/Development/repo/Zynq-7000_EDT/sw/zynq_platform_ws/hello_pl/_ide/bitstream/system_wrapper.bit
targets -set -nocase -filter {name =~"APU*"}
loadhw -hw /home/erik/Development/repo/Zynq-7000_EDT/sw/zynq_platform_ws/zynq_edt/export/zynq_edt/hw/system_wrapper.xsa -mem-ranges [list {0x40000000 0xbfffffff}] -regs
configparams force-mem-access 1
targets -set -nocase -filter {name =~"APU*"}
source /home/erik/Development/repo/Zynq-7000_EDT/sw/zynq_platform_ws/hello_pl/_ide/psinit/ps7_init.tcl
ps7_init
----------------End of Script----------------

16:36:07 ERROR : Memory write error at 0xF8000004. Invalid DAP IDCODE 00000000. Invalid DAP ACK value: 4
16:36:40 INFO  : Connected to target on host '127.0.0.1' and port '3121'.
16:36:40 INFO  : Jtag cable 'Digilent Zybo Z7 210351AD6564A' is selected.
16:36:40 INFO  : 'jtag frequency' command is executed.
16:36:40 INFO  : Context for 'APU' is selected.
16:36:40 INFO  : System reset is completed.
16:36:43 INFO  : 'after 3000' command is executed.
16:36:43 INFO  : 'targets -set -filter {jtag_cable_name =~ "Digilent Zybo Z7 210351AD6564A" && level==0 && jtag_device_ctx=="jsn-Zybo Z7-210351AD6564A-23727093-0"}' command is executed.
16:36:48 INFO  : Device configured successfully with "/home/erik/Development/repo/Zynq-7000_EDT/sw/zynq_platform_ws/hello_pl/_ide/bitstream/system_wrapper.bit"
16:36:48 INFO  : Context for 'APU' is selected.
16:36:48 INFO  : Hardware design and registers information is loaded from '/home/erik/Development/repo/Zynq-7000_EDT/sw/zynq_platform_ws/zynq_edt/export/zynq_edt/hw/system_wrapper.xsa'.
16:36:49 INFO  : 'configparams force-mem-access 1' command is executed.
16:36:49 INFO  : Context for 'APU' is selected.
16:36:49 INFO  : Sourcing of '/home/erik/Development/repo/Zynq-7000_EDT/sw/zynq_platform_ws/hello_pl/_ide/psinit/ps7_init.tcl' is done.
16:37:15 INFO  : 'ps7_init' command is executed.
16:37:15 INFO  : 'ps7_post_config' command is executed.
16:37:15 INFO  : Context for processor 'ps7_cortexa9_0' is selected.
16:37:21 INFO  : The application '/home/erik/Development/repo/Zynq-7000_EDT/sw/zynq_platform_ws/hello_pl/Debug/hello_pl.elf' is downloaded to processor 'ps7_cortexa9_0'.
16:37:23 INFO  : 'configparams force-mem-access 0' command is executed.
16:37:23 INFO  : ----------------XSDB Script----------------
connect -url tcp:127.0.0.1:3121
targets -set -nocase -filter {name =~"APU*"}
rst -system
after 3000
targets -set -filter {jtag_cable_name =~ "Digilent Zybo Z7 210351AD6564A" && level==0 && jtag_device_ctx=="jsn-Zybo Z7-210351AD6564A-23727093-0"}
fpga -file /home/erik/Development/repo/Zynq-7000_EDT/sw/zynq_platform_ws/hello_pl/_ide/bitstream/system_wrapper.bit
targets -set -nocase -filter {name =~"APU*"}
loadhw -hw /home/erik/Development/repo/Zynq-7000_EDT/sw/zynq_platform_ws/zynq_edt/export/zynq_edt/hw/system_wrapper.xsa -mem-ranges [list {0x40000000 0xbfffffff}] -regs
configparams force-mem-access 1
targets -set -nocase -filter {name =~"APU*"}
source /home/erik/Development/repo/Zynq-7000_EDT/sw/zynq_platform_ws/hello_pl/_ide/psinit/ps7_init.tcl
ps7_init
ps7_post_config
targets -set -nocase -filter {name =~ "*A9*#0"}
dow /home/erik/Development/repo/Zynq-7000_EDT/sw/zynq_platform_ws/hello_pl/Debug/hello_pl.elf
configparams force-mem-access 0
----------------End of Script----------------

16:37:23 INFO  : Context for processor 'ps7_cortexa9_0' is selected.
16:37:24 INFO  : 'con' command is executed.
16:37:24 INFO  : ----------------XSDB Script (After Launch)----------------
targets -set -nocase -filter {name =~ "*A9*#0"}
con
----------------End of Script----------------

16:37:24 INFO  : Launch script is exported to file '/home/erik/Development/repo/Zynq-7000_EDT/sw/zynq_platform_ws/hello_pl_system/_ide/scripts/debugger_hello_pl-default.tcl'
16:49:04 INFO  : Checking for BSP changes to sync application flags for project 'hello_pl'...
16:49:12 ERROR : (XSDB Server)ERROR: [Hsi 55-1571] The design file /home/erik/Development/repo/Zynq-7000_EDT/sw/zynq_platform_ws/zynq_edt/export/zynq_edt/hw/system_wrapper.xsa is already opened

16:49:29 INFO  : Disconnected from the channel tcfchan#1.
16:49:30 INFO  : Connected to target on host '127.0.0.1' and port '3121'.
16:49:39 INFO  : ----------------XSDB Script----------------
connect -url tcp:127.0.0.1:3121
----------------End of Script----------------

16:49:39 INFO  : Connected to target on host '127.0.0.1' and port '3121'.
16:49:39 ERROR : Could not find FPGA device on the board for connection 'Local'.


Troubleshooting hints:
1. Check whether board is connected to system properly.
2. In case of zynq board, check whether Digilent/Xilinx cable switch settings are correct.
3. If you are using Xilinx Platform Cable USB, ensure that status LED is green.
16:49:40 INFO  : Jtag cable 'Digilent Zybo Z7 210351AD6564A' is selected.
16:49:40 INFO  : 'jtag frequency' command is executed.
16:49:40 INFO  : Context for 'APU' is selected.
16:49:40 INFO  : System reset is completed.
16:49:43 INFO  : 'after 3000' command is executed.
16:49:43 INFO  : 'targets -set -filter {jtag_cable_name =~ "Digilent Zybo Z7 210351AD6564A" && level==0 && jtag_device_ctx=="jsn-Zybo Z7-210351AD6564A-23727093-0"}' command is executed.
16:49:54 ERROR : fpga configuration failed. DONE PIN is not HIGH
16:49:54 ERROR : Exception occured while running Program Device.
java.lang.RuntimeException: fpga configuration failed. DONE PIN is not HIGH
16:49:54 INFO  : ----------------XSDB Script----------------
connect -url tcp:127.0.0.1:3121
targets -set -nocase -filter {name =~"APU*"}
rst -system
after 3000
----------------End of Script----------------

16:49:54 ERROR : fpga configuration failed. DONE PIN is not HIGH
16:50:04 INFO  : Connected to target on host '127.0.0.1' and port '3121'.
16:50:04 INFO  : Jtag cable 'Digilent Zybo Z7 210351AD6564A' is selected.
16:50:04 INFO  : 'jtag frequency' command is executed.
16:50:05 INFO  : Context for 'APU' is selected.
16:50:05 INFO  : System reset is completed.
16:50:08 INFO  : 'after 3000' command is executed.
16:50:08 INFO  : 'targets -set -filter {jtag_cable_name =~ "Digilent Zybo Z7 210351AD6564A" && level==0 && jtag_device_ctx=="jsn-Zybo Z7-210351AD6564A-23727093-0"}' command is executed.
16:50:13 INFO  : Device configured successfully with "/home/erik/Development/repo/Zynq-7000_EDT/sw/zynq_platform_ws/hello_pl/_ide/bitstream/system_wrapper.bit"
16:50:13 INFO  : Context for 'APU' is selected.
16:50:16 INFO  : Hardware design and registers information is loaded from '/home/erik/Development/repo/Zynq-7000_EDT/sw/zynq_platform_ws/zynq_edt/export/zynq_edt/hw/system_wrapper.xsa'.
16:50:16 INFO  : 'configparams force-mem-access 1' command is executed.
16:50:16 INFO  : Context for 'APU' is selected.
16:50:16 INFO  : Sourcing of '/home/erik/Development/repo/Zynq-7000_EDT/sw/zynq_platform_ws/hello_pl/_ide/psinit/ps7_init.tcl' is done.
16:50:42 INFO  : 'ps7_init' command is executed.
16:50:43 INFO  : 'ps7_post_config' command is executed.
16:50:43 INFO  : Context for processor 'ps7_cortexa9_0' is selected.
16:50:49 INFO  : The application '/home/erik/Development/repo/Zynq-7000_EDT/sw/zynq_platform_ws/hello_pl/Debug/hello_pl.elf' is downloaded to processor 'ps7_cortexa9_0'.
16:50:50 INFO  : 'configparams force-mem-access 0' command is executed.
16:50:50 INFO  : ----------------XSDB Script----------------
connect -url tcp:127.0.0.1:3121
targets -set -nocase -filter {name =~"APU*"}
rst -system
after 3000
targets -set -filter {jtag_cable_name =~ "Digilent Zybo Z7 210351AD6564A" && level==0 && jtag_device_ctx=="jsn-Zybo Z7-210351AD6564A-23727093-0"}
fpga -file /home/erik/Development/repo/Zynq-7000_EDT/sw/zynq_platform_ws/hello_pl/_ide/bitstream/system_wrapper.bit
targets -set -nocase -filter {name =~"APU*"}
loadhw -hw /home/erik/Development/repo/Zynq-7000_EDT/sw/zynq_platform_ws/zynq_edt/export/zynq_edt/hw/system_wrapper.xsa -mem-ranges [list {0x40000000 0xbfffffff}] -regs
configparams force-mem-access 1
targets -set -nocase -filter {name =~"APU*"}
source /home/erik/Development/repo/Zynq-7000_EDT/sw/zynq_platform_ws/hello_pl/_ide/psinit/ps7_init.tcl
ps7_init
ps7_post_config
targets -set -nocase -filter {name =~ "*A9*#0"}
dow /home/erik/Development/repo/Zynq-7000_EDT/sw/zynq_platform_ws/hello_pl/Debug/hello_pl.elf
configparams force-mem-access 0
----------------End of Script----------------

16:50:51 INFO  : Context for processor 'ps7_cortexa9_0' is selected.
16:50:51 INFO  : 'con' command is executed.
16:50:51 INFO  : ----------------XSDB Script (After Launch)----------------
targets -set -nocase -filter {name =~ "*A9*#0"}
con
----------------End of Script----------------

16:50:51 INFO  : Launch script is exported to file '/home/erik/Development/repo/Zynq-7000_EDT/sw/zynq_platform_ws/hello_pl_system/_ide/scripts/debugger_hello_pl-default.tcl'
16:51:44 INFO  : Disconnected from the channel tcfchan#3.
16:51:45 INFO  : Connected to target on host '127.0.0.1' and port '3121'.
16:51:46 INFO  : Jtag cable 'Digilent Zybo Z7 210351AD6564A' is selected.
16:51:46 INFO  : 'jtag frequency' command is executed.
16:51:46 INFO  : Context for 'APU' is selected.
16:51:46 INFO  : System reset is completed.
16:51:49 INFO  : 'after 3000' command is executed.
16:51:49 INFO  : 'targets -set -filter {jtag_cable_name =~ "Digilent Zybo Z7 210351AD6564A" && level==0 && jtag_device_ctx=="jsn-Zybo Z7-210351AD6564A-23727093-0"}' command is executed.
16:51:54 INFO  : Device configured successfully with "/home/erik/Development/repo/Zynq-7000_EDT/sw/zynq_platform_ws/hello_pl/_ide/bitstream/system_wrapper.bit"
16:51:54 INFO  : Context for 'APU' is selected.
16:51:56 INFO  : Hardware design and registers information is loaded from '/home/erik/Development/repo/Zynq-7000_EDT/sw/zynq_platform_ws/zynq_edt/export/zynq_edt/hw/system_wrapper.xsa'.
16:51:56 INFO  : 'configparams force-mem-access 1' command is executed.
16:51:56 INFO  : Context for 'APU' is selected.
16:51:56 INFO  : Sourcing of '/home/erik/Development/repo/Zynq-7000_EDT/sw/zynq_platform_ws/hello_pl/_ide/psinit/ps7_init.tcl' is done.
16:52:23 INFO  : 'ps7_init' command is executed.
16:52:23 INFO  : 'ps7_post_config' command is executed.
16:52:23 INFO  : Context for processor 'ps7_cortexa9_0' is selected.
16:52:30 INFO  : The application '/home/erik/Development/repo/Zynq-7000_EDT/sw/zynq_platform_ws/hello_pl/Debug/hello_pl.elf' is downloaded to processor 'ps7_cortexa9_0'.
16:52:31 INFO  : 'configparams force-mem-access 0' command is executed.
16:52:31 INFO  : ----------------XSDB Script----------------
connect -url tcp:127.0.0.1:3121
targets -set -nocase -filter {name =~"APU*"}
rst -system
after 3000
targets -set -filter {jtag_cable_name =~ "Digilent Zybo Z7 210351AD6564A" && level==0 && jtag_device_ctx=="jsn-Zybo Z7-210351AD6564A-23727093-0"}
fpga -file /home/erik/Development/repo/Zynq-7000_EDT/sw/zynq_platform_ws/hello_pl/_ide/bitstream/system_wrapper.bit
targets -set -nocase -filter {name =~"APU*"}
loadhw -hw /home/erik/Development/repo/Zynq-7000_EDT/sw/zynq_platform_ws/zynq_edt/export/zynq_edt/hw/system_wrapper.xsa -mem-ranges [list {0x40000000 0xbfffffff}] -regs
configparams force-mem-access 1
targets -set -nocase -filter {name =~"APU*"}
source /home/erik/Development/repo/Zynq-7000_EDT/sw/zynq_platform_ws/hello_pl/_ide/psinit/ps7_init.tcl
ps7_init
ps7_post_config
targets -set -nocase -filter {name =~ "*A9*#0"}
dow /home/erik/Development/repo/Zynq-7000_EDT/sw/zynq_platform_ws/hello_pl/Debug/hello_pl.elf
configparams force-mem-access 0
----------------End of Script----------------

16:52:31 INFO  : Context for processor 'ps7_cortexa9_0' is selected.
16:52:32 INFO  : 'con' command is executed.
16:52:32 INFO  : ----------------XSDB Script (After Launch)----------------
targets -set -nocase -filter {name =~ "*A9*#0"}
con
----------------End of Script----------------

16:52:32 INFO  : Launch script is exported to file '/home/erik/Development/repo/Zynq-7000_EDT/sw/zynq_platform_ws/hello_pl_system/_ide/scripts/debugger_hello_pl-default.tcl'
17:01:25 INFO  : Checking for BSP changes to sync application flags for project 'hello_pl'...
17:01:52 INFO  : Disconnected from the channel tcfchan#4.
21:56:03 DEBUG : Logs will be stored at '/home/erik/Development/repo/Zynq-7000_EDT/sw/zynq_platform_ws/IDE.log'.
21:56:04 INFO  : Launching XSCT server: xsct -n  -interactive /home/erik/Development/repo/Zynq-7000_EDT/sw/zynq_platform_ws/temp_xsdb_launch_script.tcl
21:56:09 INFO  : Platform repository initialization has completed.
21:56:09 INFO  : Registering command handlers for Vitis TCF services
21:56:09 INFO  : XSCT server has started successfully.
21:56:09 INFO  : Successfully done setting XSCT server connection channel  
21:56:11 INFO  : plnx-install-location is set to ''
21:56:11 INFO  : Successfully done setting workspace for the tool. 
21:56:11 INFO  : Successfully done query RDI_DATADIR 
22:05:29 INFO  : Checking for BSP changes to sync application flags for project 'hello_pl'...
22:06:17 INFO  : Connected to target on host '127.0.0.1' and port '3121'.
22:06:19 INFO  : Jtag cable 'Digilent Zybo Z7 210351AD6564A' is selected.
22:06:19 INFO  : 'jtag frequency' command is executed.
22:06:19 INFO  : Context for 'APU' is selected.
22:06:19 INFO  : System reset is completed.
22:06:22 INFO  : 'after 3000' command is executed.
22:06:23 INFO  : 'targets -set -filter {jtag_cable_name =~ "Digilent Zybo Z7 210351AD6564A" && level==0 && jtag_device_ctx=="jsn-Zybo Z7-210351AD6564A-23727093-0"}' command is executed.
22:06:28 INFO  : Device configured successfully with "/home/erik/Development/repo/Zynq-7000_EDT/sw/zynq_platform_ws/hello_pl/_ide/bitstream/system_wrapper.bit"
22:06:28 INFO  : Context for 'APU' is selected.
22:06:28 INFO  : Hardware design and registers information is loaded from '/home/erik/Development/repo/Zynq-7000_EDT/sw/zynq_platform_ws/zynq_edt/export/zynq_edt/hw/system_wrapper.xsa'.
22:06:28 INFO  : 'configparams force-mem-access 1' command is executed.
22:06:28 INFO  : Context for 'APU' is selected.
22:06:28 INFO  : Sourcing of '/home/erik/Development/repo/Zynq-7000_EDT/sw/zynq_platform_ws/hello_pl/_ide/psinit/ps7_init.tcl' is done.
22:06:52 INFO  : 'ps7_init' command is executed.
22:06:53 INFO  : 'ps7_post_config' command is executed.
22:06:53 INFO  : Context for processor 'ps7_cortexa9_0' is selected.
22:06:59 INFO  : The application '/home/erik/Development/repo/Zynq-7000_EDT/sw/zynq_platform_ws/hello_pl/Debug/hello_pl.elf' is downloaded to processor 'ps7_cortexa9_0'.
22:07:01 INFO  : 'configparams force-mem-access 0' command is executed.
22:07:01 INFO  : ----------------XSDB Script----------------
connect -url tcp:127.0.0.1:3121
targets -set -nocase -filter {name =~"APU*"}
rst -system
after 3000
targets -set -filter {jtag_cable_name =~ "Digilent Zybo Z7 210351AD6564A" && level==0 && jtag_device_ctx=="jsn-Zybo Z7-210351AD6564A-23727093-0"}
fpga -file /home/erik/Development/repo/Zynq-7000_EDT/sw/zynq_platform_ws/hello_pl/_ide/bitstream/system_wrapper.bit
targets -set -nocase -filter {name =~"APU*"}
loadhw -hw /home/erik/Development/repo/Zynq-7000_EDT/sw/zynq_platform_ws/zynq_edt/export/zynq_edt/hw/system_wrapper.xsa -mem-ranges [list {0x40000000 0xbfffffff}] -regs
configparams force-mem-access 1
targets -set -nocase -filter {name =~"APU*"}
source /home/erik/Development/repo/Zynq-7000_EDT/sw/zynq_platform_ws/hello_pl/_ide/psinit/ps7_init.tcl
ps7_init
ps7_post_config
targets -set -nocase -filter {name =~ "*A9*#0"}
dow /home/erik/Development/repo/Zynq-7000_EDT/sw/zynq_platform_ws/hello_pl/Debug/hello_pl.elf
configparams force-mem-access 0
----------------End of Script----------------

22:07:01 INFO  : Context for processor 'ps7_cortexa9_0' is selected.
22:07:01 INFO  : 'con' command is executed.
22:07:01 INFO  : ----------------XSDB Script (After Launch)----------------
targets -set -nocase -filter {name =~ "*A9*#0"}
con
----------------End of Script----------------

22:07:01 INFO  : Launch script is exported to file '/home/erik/Development/repo/Zynq-7000_EDT/sw/zynq_platform_ws/hello_pl_system/_ide/scripts/debugger_hello_pl-default.tcl'
22:09:01 INFO  : Disconnected from the channel tcfchan#1.
